\BOOKMARK [1][-]{section.1}{\376\377\137\025\212\000}{}% 1
\BOOKMARK [1][-]{section.2}{\376\377\164\006\213\272\150\106\147\266}{}% 2
\BOOKMARK [2][-]{subsection.2.1}{\376\377\152\041\127\213\213\276\133\232}{section.2}% 3
\BOOKMARK [2][-]{subsection.2.2}{\376\377\117\060\213\241\221\317\122\006\147\220}{section.2}% 4
\BOOKMARK [3][-]{subsubsection.2.2.1}{\376\377\146\156\220\032\147\000\134\017\116\214\116\130\154\325\000\040\000\050\000R\000a\000w\000\040\000O\000L\000S\000\051}{subsection.2.2}% 5
\BOOKMARK [3][-]{subsubsection.2.2.2}{\376\377\123\273\127\107\120\074\126\336\137\122\000\040\000\050\000D\000e\000-\000m\000e\000a\000n\000e\000d\000\051}{subsection.2.2}% 6
\BOOKMARK [3][-]{subsubsection.2.2.3}{\376\377\147\064\175\040\153\213\135\356\126\336\137\122\000\040\000\050\000N\000a\000i\000v\000e\000\040\000D\000M\000L\000\051}{subsection.2.2}% 7
\BOOKMARK [3][-]{subsubsection.2.2.4}{\376\377\172\063\120\145\000\040\000D\000M\000L\000\040\000\050\000R\000o\000b\000u\000s\000t\000\040\000D\000M\000L\000\051}{subsection.2.2}% 8
\BOOKMARK [1][-]{section.3}{\376\377\204\231\162\171\123\141\155\033\152\041\142\337\170\024\172\166}{}% 9
\BOOKMARK [2][-]{subsection.3.1}{\376\377\145\160\143\156\165\037\142\020\217\307\172\013}{section.3}% 10
\BOOKMARK [2][-]{subsection.3.2}{\376\377\152\041\142\337\176\323\147\234\122\006\147\220}{section.3}% 11
\BOOKMARK [2][-]{subsection.3.3}{\376\377\145\117\141\037\140\047\122\006\147\220}{section.3}% 12
\BOOKMARK [1][-]{section.4}{\376\377\145\160\143\156\143\317\217\360\116\016\133\236\213\301\213\276\213\241}{}% 13
\BOOKMARK [2][-]{subsection.4.1}{\376\377\145\160\143\156\147\145\156\220\116\016\123\237\131\313\122\006\136\003}{section.4}% 14
\BOOKMARK [2][-]{subsection.4.2}{\376\377\145\160\143\156\156\005\155\027\116\016\200\132\124\010\173\126\165\145}{section.4}% 15
\BOOKMARK [2][-]{subsection.4.3}{\376\377\162\171\137\201\135\345\172\013\116\016\155\367\147\102\123\330\221\317\147\204\220\040}{section.4}% 16
\BOOKMARK [3][-]{subsubsection.4.3.1}{\376\377\227\136\176\277\140\047\145\366\225\364\145\110\136\224\166\204\143\125\143\111}{subsection.4.3}% 17
\BOOKMARK [3][-]{subsubsection.4.3.2}{\376\377\125\106\124\301\137\002\215\050\140\047\116\016\165\037\124\175\124\150\147\037\143\247\122\066}{subsection.4.3}% 18
\BOOKMARK [3][-]{subsubsection.4.3.3}{\376\377\127\372\116\216\201\352\161\066\213\355\212\000\131\004\164\006\166\204\176\306\174\222\136\246\134\136\140\047\143\026\143\230}{subsection.4.3}% 19
\BOOKMARK [3][-]{subsubsection.4.3.4}{\376\377\127\060\127\337\126\372\133\232\145\110\136\224}{subsection.4.3}% 20
\BOOKMARK [3][-]{subsubsection.4.3.5}{\376\377\217\336\176\355\123\330\221\317\166\204\150\007\121\306\123\026\131\004\164\006}{subsection.4.3}% 21
\BOOKMARK [2][-]{subsection.4.4}{\376\377\133\236\213\301\152\041\127\213\213\276\213\241}{section.4}% 22
\BOOKMARK [1][-]{section.5}{\376\377\133\236\213\301\176\323\147\234\122\006\147\220}{}% 23
\BOOKMARK [2][-]{subsection.5.1}{\376\377\116\367\150\074\137\071\140\047\117\060\213\241\176\323\147\234\133\371\153\324}{section.5}% 24
\BOOKMARK [2][-]{subsection.5.2}{\376\377\227\000\154\102\146\362\176\277\122\126\147\220}{section.5}% 25
\BOOKMARK [2][-]{subsection.5.3}{\376\377\172\063\120\145\140\047\150\300\232\214}{section.5}% 26
